2021-06-29 16:31:49,170 40 client_log Не был указан порт или ip
2021-06-29 16:31:49,170 30 client_log Был задан ip или порт по умолчанию
2021-06-29 16:31:49,171 20 client_log Создано presence-сообщение
2021-06-29 16:31:49,172 20 client_log Отправлено presence-сообщение
2021-06-29 16:31:49,173 20 client_log Получен ответ от сервера 200 - OK
2021-06-29 16:32:36,687 40 client_log Не был указан порт или ip
2021-06-29 16:32:36,687 30 client_log Был задан ip или порт по умолчанию
2021-06-29 16:32:36,688 20 client_log Создано presence-сообщение
2021-06-29 16:32:36,688 20 client_log Отправлено presence-сообщение
2021-06-29 16:33:39,085 30 client_log Допущена ошибка в написание ip-адреса или порта
2021-06-29 16:33:39,086 30 client_log Был задан ip или порт по умолчанию
2021-06-29 16:34:06,920 40 client_log Не был указан порт или ip
2021-06-29 16:34:06,921 30 client_log Был задан ip или порт по умолчанию
2021-06-29 16:34:06,922 20 client_log Создано presence-сообщение
2021-06-29 16:34:06,922 20 client_log Отправлено presence-сообщение
2021-06-29 16:38:28,518 30 client_log Допущена ошибка в написание ip-адреса или порта
2021-06-29 16:38:28,519 30 client_log Был задан ip или порт по умолчанию
2021-06-29 16:39:16,510 40 client_log Не был указан порт или ip
2021-06-29 16:39:16,510 30 client_log Был задан ip и порт по умолчанию
2021-06-29 16:39:16,511 20 client_log Создано presence-сообщение
2021-06-29 16:39:16,512 20 client_log Отправлено presence-сообщение
2021-06-29 16:39:20,973 30 client_log Допущена ошибка в написание ip-адреса или порта
2021-06-29 16:39:20,973 30 client_log Был задан ip и порт по умолчанию
2021-06-29 16:39:32,290 40 client_log Не был указан порт или ip
2021-06-29 16:39:32,291 30 client_log Был задан ip и порт по умолчанию
2021-06-29 16:39:32,292 20 client_log Создано presence-сообщение
2021-06-29 16:39:32,292 20 client_log Отправлено presence-сообщение
2021-06-29 16:40:07,860 40 client_log Не существует сервера с адресом 127.0.0.11:8888
2021-06-29 16:45:39,903 20 client_log Создано presence-сообщение
2021-06-29 16:45:39,904 20 client_log Отправлено presence-сообщение
2021-06-29 16:45:49,678 30 client_log Был задан ip и порт по умолчанию
2021-06-29 16:46:08,842 30 client_log Допущена ошибка в написание ip-адреса или порта
2021-06-29 16:46:08,843 30 client_log Был задан ip и порт по умолчанию
2021-06-29 16:46:08,844 20 client_log Создано presence-сообщение
2021-06-29 16:46:08,844 20 client_log Отправлено presence-сообщение
2021-06-29 16:46:08,845 20 client_log Получен ответ от сервера 200 - OK
2021-06-29 16:46:46,283 40 client_log Не был указан порт или ip
2021-06-29 16:46:46,283 30 client_log Был задан ip и порт по умолчанию
2021-06-29 16:46:46,285 20 client_log Создано presence-сообщение
2021-06-29 16:46:46,285 20 client_log Отправлено presence-сообщение
2021-07-04 12:22:19,360 40 client_log Не был указан порт или ip
2021-07-04 12:22:19,371 30 client_log Был задан ip и порт по умолчанию
2021-07-04 12:22:19,372 20 client_log Создано presence-сообщение
2021-07-04 12:22:19,372 20 client_log Отправлено presence-сообщение
2021-07-04 12:22:19,372 20 client_log Получен ответ от сервера 200 - OK
2021-07-04 12:23:18,031        function - main : args - () : kwargs - {}
2021-07-04 12:23:18,031 40 client_log Не был указан порт или ip
2021-07-04 12:23:18,031 30 client_log Был задан ip и порт по умолчанию
2021-07-04 12:23:18,032        Функция create_message вызвана из функции main
2021-07-04 12:23:18,032        function - create_message : args - () : kwargs - {}
2021-07-04 12:23:18,033 20 client_log Создано presence-сообщение
2021-07-04 12:23:18,033 20 client_log Отправлено presence-сообщение
2021-07-04 12:23:29,935        function - main : args - () : kwargs - {}
2021-07-04 12:23:29,935 40 client_log Не был указан порт или ip
2021-07-04 12:23:29,935 30 client_log Был задан ip и порт по умолчанию
2021-07-04 12:23:29,936        Функция create_message вызвана из функции main
2021-07-04 12:23:29,936        function - create_message : args - () : kwargs - {}
2021-07-04 12:23:29,936 20 client_log Создано presence-сообщение
2021-07-04 12:23:29,936 20 client_log Отправлено presence-сообщение
2021-07-04 12:23:29,937 20 client_log Получен ответ от сервера 200 - OK
2021-07-04 13:04:03,044        function - main : args - () : kwargs - {}
2021-07-04 13:04:03,044 40 client_log Не был указан порт или ip
2021-07-04 13:04:03,044        Функция wrapper вызвана из функции main
2021-07-04 13:04:03,044        function - wrapper : args - () : kwargs - {}
2021-07-04 13:04:03,044        Функция set_def_port_and_ip вызвана из функции wrapper
2021-07-04 13:04:03,044        function - set_def_port_and_ip : args - () : kwargs - {}
2021-07-04 13:04:03,044 30 client_log Был задан ip и порт по умолчанию
2021-07-04 13:04:03,045        Функция create_message вызвана из функции main
2021-07-04 13:04:03,045        function - create_message : args - () : kwargs - {}
2021-07-04 13:04:03,045 20 client_log Создано presence-сообщение
2021-07-04 13:04:03,045 20 client_log Отправлено presence-сообщение
2021-07-04 13:04:07,297        function - main : args - () : kwargs - {}
2021-07-04 13:04:07,298        Функция wrapper вызвана из функции main
2021-07-04 13:04:07,298        function - wrapper : args - (7777, '127.0.0.1') : kwargs - {}
2021-07-04 13:04:07,298        Функция is_valid_port_and_ip вызвана из функции wrapper
2021-07-04 13:04:07,298        function - is_valid_port_and_ip : args - (7777, '127.0.0.1') : kwargs - {}
2021-07-04 13:04:10,426        function - main : args - () : kwargs - {}
2021-07-04 13:04:10,426 40 client_log Не был указан порт или ip
2021-07-04 13:04:10,427        Функция wrapper вызвана из функции main
2021-07-04 13:04:10,427        function - wrapper : args - () : kwargs - {}
2021-07-04 13:04:10,427        Функция set_def_port_and_ip вызвана из функции wrapper
2021-07-04 13:04:10,427        function - set_def_port_and_ip : args - () : kwargs - {}
2021-07-04 13:04:10,427 30 client_log Был задан ip и порт по умолчанию
2021-07-04 13:04:10,428        Функция create_message вызвана из функции main
2021-07-04 13:04:10,428        function - create_message : args - () : kwargs - {}
2021-07-04 13:04:10,428 20 client_log Создано presence-сообщение
2021-07-04 13:04:10,428 20 client_log Отправлено presence-сообщение
2021-07-04 13:04:10,429        Функция create_message вызвана из функции main
2021-07-04 13:04:10,429        function - create_message : args - ({'action': 'presence', 'time': 'Sun Jul  4 13:04:10 2021'},) : kwargs - {}
2021-07-04 13:04:10,429 20 client_log Получен ответ от сервера 200 - OK
2021-07-04 13:06:04,794        function - main : args - () : kwargs - {}
2021-07-04 13:06:04,794 40 client_log Не был указан порт или ip
2021-07-04 13:06:04,794        Функция set_def_port_and_ip вызвана из функции main
2021-07-04 13:06:04,794        function - set_def_port_and_ip : args - () : kwargs - {}
2021-07-04 13:06:04,794 30 client_log Был задан ip и порт по умолчанию
2021-07-04 13:06:04,795        Функция create_message вызвана из функции main
2021-07-04 13:06:04,795        function - create_message : args - () : kwargs - {}
2021-07-04 13:06:04,795 20 client_log Создано presence-сообщение
2021-07-04 13:06:04,795 20 client_log Отправлено presence-сообщение
2021-07-04 13:06:07,915        function - main : args - () : kwargs - {}
2021-07-04 13:06:07,916        Функция is_valid_port_and_ip вызвана из функции main
2021-07-04 13:06:07,916        function - is_valid_port_and_ip : args - (7777, '127.0.0.1') : kwargs - {}
2021-07-04 13:06:10,880        function - main : args - () : kwargs - {}
2021-07-04 13:06:10,881 40 client_log Не был указан порт или ip
2021-07-04 13:06:10,881        Функция set_def_port_and_ip вызвана из функции main
2021-07-04 13:06:10,881        function - set_def_port_and_ip : args - () : kwargs - {}
2021-07-04 13:06:10,881 30 client_log Был задан ip и порт по умолчанию
2021-07-04 13:06:10,882        Функция create_message вызвана из функции main
2021-07-04 13:06:10,882        function - create_message : args - () : kwargs - {}
2021-07-04 13:06:10,882 20 client_log Создано presence-сообщение
2021-07-04 13:06:10,882 20 client_log Отправлено presence-сообщение
2021-07-04 13:06:10,882        Функция create_message вызвана из функции main
2021-07-04 13:06:10,883        function - create_message : args - ({'action': 'presence', 'time': 'Sun Jul  4 13:06:10 2021'},) : kwargs - {}
2021-07-04 13:06:10,883 20 client_log Получен ответ от сервера 200 - OK
