2021-06-29 16:31:27,644 30 server_log Был задан порт по умолчанию 7777
2021-06-29 16:31:27,644 30 server_log Был задан ip-адрес по умолчанию 127.0.0.1
2021-06-29 16:31:49,172 20 server_log Получено сообщение от клиента
2021-06-29 16:31:49,172 20 server_log Создпно сообщение клиенту(код 200)
2021-06-29 16:31:49,173 20 server_log Сообщение клиенту отправлено
2021-06-29 16:33:24,189 50 server_log После -"р" не указан порт
2021-06-29 16:36:26,504 50 server_log После -"р" не указан порт
2021-06-29 16:37:41,973 50 server_log После -"р" не указан порт -- ['server.py', '-p', '-a', '192.168.11.11']
2021-06-29 16:45:49,677 30 server_log Допущена ошибка в написание ip-адреса или порта
2021-06-29 16:46:08,844 20 server_log Получено сообщение от клиента
2021-06-29 16:46:08,844 20 server_log Создпно сообщение клиенту(код 200)
2021-06-29 16:46:08,845 20 server_log Сообщение клиенту отправлено
2021-07-04 11:27:07,603        Функция test вызвана из функции main
2021-07-04 11:27:07,613        function - test : args - (5,) : kwargs - {}
2021-07-04 12:22:07,914 30 server_log Был задан порт по умолчанию 7777
2021-07-04 12:22:07,914 30 server_log Был задан ip-адрес по умолчанию 127.0.0.1
2021-07-04 12:22:19,372 20 server_log Получено сообщение от клиента
2021-07-04 12:22:19,372 20 server_log Создпно сообщение клиенту(код 200)
2021-07-04 12:22:19,372 20 server_log Сообщение клиенту отправлено
2021-07-04 12:23:25,897        function - main : args - () : kwargs - {}
2021-07-04 12:23:25,897 30 server_log Был задан порт по умолчанию 7777
2021-07-04 12:23:25,897 30 server_log Был задан ip-адрес по умолчанию 127.0.0.1
2021-07-04 12:23:29,937 20 server_log Получено сообщение от клиента
2021-07-04 12:23:29,937        Функция create_message вызвана из функции main
2021-07-04 12:23:29,937        function - create_message : args - ({'action': 'presence', 'time': 'Sun Jul  4 12:23:29 2021'},) : kwargs - {}
2021-07-04 12:23:29,937 20 server_log Создпно сообщение клиенту(код 200)
2021-07-04 12:23:29,937 20 server_log Сообщение клиенту отправлено
2021-07-04 13:04:03,044        function - main : args - () : kwargs - {}
2021-07-04 13:04:03,044        Функция wrapper вызвана из функции main
2021-07-04 13:04:03,044        function - wrapper : args - () : kwargs - {}
2021-07-04 13:04:03,044        Функция set_def_port_and_ip вызвана из функции wrapper
2021-07-04 13:04:03,044        function - set_def_port_and_ip : args - () : kwargs - {}
2021-07-04 13:04:03,045        Функция create_message вызвана из функции main
2021-07-04 13:04:03,045        function - create_message : args - () : kwargs - {}
2021-07-04 13:04:07,297        function - main : args - () : kwargs - {}
2021-07-04 13:04:07,298 30 server_log Был задан порт по умолчанию 7777
2021-07-04 13:04:07,298 30 server_log Был задан ip-адрес по умолчанию 127.0.0.1
2021-07-04 13:04:07,298        Функция wrapper вызвана из функции main
2021-07-04 13:04:07,298        function - wrapper : args - (7777, '127.0.0.1') : kwargs - {}
2021-07-04 13:04:07,298        Функция is_valid_port_and_ip вызвана из функции wrapper
2021-07-04 13:04:07,298        function - is_valid_port_and_ip : args - (7777, '127.0.0.1') : kwargs - {}
2021-07-04 13:04:10,426        function - main : args - () : kwargs - {}
2021-07-04 13:04:10,427        Функция wrapper вызвана из функции main
2021-07-04 13:04:10,427        function - wrapper : args - () : kwargs - {}
2021-07-04 13:04:10,427        Функция set_def_port_and_ip вызвана из функции wrapper
2021-07-04 13:04:10,427        function - set_def_port_and_ip : args - () : kwargs - {}
2021-07-04 13:04:10,428        Функция create_message вызвана из функции main
2021-07-04 13:04:10,428        function - create_message : args - () : kwargs - {}
2021-07-04 13:04:10,428 20 server_log Получено сообщение от клиента
2021-07-04 13:04:10,429        Функция create_message вызвана из функции main
2021-07-04 13:04:10,429        function - create_message : args - ({'action': 'presence', 'time': 'Sun Jul  4 13:04:10 2021'},) : kwargs - {}
2021-07-04 13:04:10,429 20 server_log Создпно сообщение клиенту(код 200)
2021-07-04 13:04:10,429 20 server_log Сообщение клиенту отправлено
2021-07-04 13:06:04,794        function - main : args - () : kwargs - {}
2021-07-04 13:06:04,794        Функция set_def_port_and_ip вызвана из функции main
2021-07-04 13:06:04,794        function - set_def_port_and_ip : args - () : kwargs - {}
2021-07-04 13:06:04,795        Функция create_message вызвана из функции main
2021-07-04 13:06:04,795        function - create_message : args - () : kwargs - {}
2021-07-04 13:06:07,915        function - main : args - () : kwargs - {}
2021-07-04 13:06:07,915 30 server_log Был задан порт по умолчанию 7777
2021-07-04 13:06:07,915 30 server_log Был задан ip-адрес по умолчанию 127.0.0.1
2021-07-04 13:06:07,916        Функция is_valid_port_and_ip вызвана из функции main
2021-07-04 13:06:07,916        function - is_valid_port_and_ip : args - (7777, '127.0.0.1') : kwargs - {}
2021-07-04 13:06:10,880        function - main : args - () : kwargs - {}
2021-07-04 13:06:10,881        Функция set_def_port_and_ip вызвана из функции main
2021-07-04 13:06:10,881        function - set_def_port_and_ip : args - () : kwargs - {}
2021-07-04 13:06:10,882        Функция create_message вызвана из функции main
2021-07-04 13:06:10,882        function - create_message : args - () : kwargs - {}
2021-07-04 13:06:10,882 20 server_log Получено сообщение от клиента
2021-07-04 13:06:10,882        Функция create_message вызвана из функции main
2021-07-04 13:06:10,883        function - create_message : args - ({'action': 'presence', 'time': 'Sun Jul  4 13:06:10 2021'},) : kwargs - {}
2021-07-04 13:06:10,883 20 server_log Создпно сообщение клиенту(код 200)
2021-07-04 13:06:10,883 20 server_log Сообщение клиенту отправлено
