2021-06-29 16:31:49,170 40 client_log Не был указан порт или ip
2021-06-29 16:31:49,170 30 client_log Был задан ip или порт по умолчанию
2021-06-29 16:31:49,171 20 client_log Создано presence-сообщение
2021-06-29 16:31:49,172 20 client_log Отправлено presence-сообщение
2021-06-29 16:31:49,173 20 client_log Получен ответ от сервера 200 - OK
2021-06-29 16:32:36,687 40 client_log Не был указан порт или ip
2021-06-29 16:32:36,687 30 client_log Был задан ip или порт по умолчанию
2021-06-29 16:32:36,688 20 client_log Создано presence-сообщение
2021-06-29 16:32:36,688 20 client_log Отправлено presence-сообщение
2021-06-29 16:33:39,085 30 client_log Допущена ошибка в написание ip-адреса или порта
2021-06-29 16:33:39,086 30 client_log Был задан ip или порт по умолчанию
2021-06-29 16:34:06,920 40 client_log Не был указан порт или ip
2021-06-29 16:34:06,921 30 client_log Был задан ip или порт по умолчанию
2021-06-29 16:34:06,922 20 client_log Создано presence-сообщение
2021-06-29 16:34:06,922 20 client_log Отправлено presence-сообщение
2021-06-29 16:38:28,518 30 client_log Допущена ошибка в написание ip-адреса или порта
2021-06-29 16:38:28,519 30 client_log Был задан ip или порт по умолчанию
2021-06-29 16:39:16,510 40 client_log Не был указан порт или ip
2021-06-29 16:39:16,510 30 client_log Был задан ip и порт по умолчанию
2021-06-29 16:39:16,511 20 client_log Создано presence-сообщение
2021-06-29 16:39:16,512 20 client_log Отправлено presence-сообщение
2021-06-29 16:39:20,973 30 client_log Допущена ошибка в написание ip-адреса или порта
2021-06-29 16:39:20,973 30 client_log Был задан ip и порт по умолчанию
2021-06-29 16:39:32,290 40 client_log Не был указан порт или ip
2021-06-29 16:39:32,291 30 client_log Был задан ip и порт по умолчанию
2021-06-29 16:39:32,292 20 client_log Создано presence-сообщение
2021-06-29 16:39:32,292 20 client_log Отправлено presence-сообщение
2021-06-29 16:40:07,860 40 client_log Не существует сервера с адресом 127.0.0.11:8888
2021-06-29 16:45:39,903 20 client_log Создано presence-сообщение
2021-06-29 16:45:39,904 20 client_log Отправлено presence-сообщение
2021-06-29 16:45:49,678 30 client_log Был задан ip и порт по умолчанию
2021-06-29 16:46:08,842 30 client_log Допущена ошибка в написание ip-адреса или порта
2021-06-29 16:46:08,843 30 client_log Был задан ip и порт по умолчанию
2021-06-29 16:46:08,844 20 client_log Создано presence-сообщение
2021-06-29 16:46:08,844 20 client_log Отправлено presence-сообщение
2021-06-29 16:46:08,845 20 client_log Получен ответ от сервера 200 - OK
2021-06-29 16:46:46,283 40 client_log Не был указан порт или ip
2021-06-29 16:46:46,283 30 client_log Был задан ip и порт по умолчанию
2021-06-29 16:46:46,285 20 client_log Создано presence-сообщение
2021-06-29 16:46:46,285 20 client_log Отправлено presence-сообщение
